2026-04-21 13:41:57,539 INFO  c.p.c.SUTConfig [<init>:87] [main] - Setting is.pipeline.run property to false
2026-04-21 13:41:57,564 INFO  c.p.c.SUTConfig [<init>:108] [main] - Debug mode is: true
2026-04-21 13:41:57,564 INFO  c.p.c.SUTConfig [<init>:118] [main] - Attach PRPC logs?false
2026-04-21 13:41:57,565 INFO  c.p.TestEnvironmentImpl [setLoggerLevel:198] [main] - Logger level is set to : INFO
2026-04-21 13:41:57,781 INFO  c.p.c.u.GetChromeDriver [getChromeDriverForChrome:70] [main] - yes chrome.exe exists
2026-04-21 13:41:57,863 INFO  c.p.c.u.GetChromeDriver [getCurrentVersionOfDriverAsString:161] [main] - current driver version is 147.0.7727.57
2026-04-21 13:41:57,865 INFO  c.p.c.u.GetChromeDriver [getChromeDriverForChrome:76] [main] - current version of chrome 147.0.7727.57
2026-04-21 13:41:57,865 INFO  c.p.c.u.GetChromeDriver [getChromeDriverForChrome:77] [main] - local Chrome version is 147
2026-04-21 13:41:58,159 INFO  c.p.c.u.GetChromeDriver [getChromeDriverForChrome:115] [main] - Chrome Version: 147	ChromeDriver version needed:147.0.7727.57
2026-04-21 13:41:58,160 INFO  c.p.c.u.GetChromeDriver [getChromeDriverForChrome:117] [main] - Required chromedriver version is already available. Not attempting to download any new version
2026-04-21 13:42:00,130 INFO  c.p.d.PegaChromeDriver [initializeDriver:165] [main] - Chrome Driver launched successfully
2026-04-21 13:42:00,475 INFO  c.p.TestEnvironmentImpl [initializeEnvironment:130] [main] - Driver is initialised::ChromeDriver: chrome on WINDOWS (9d946326f9fb222ebdf1886510ee0436)
2026-04-21 13:42:00,476 INFO  c.p.BrowserImpl [open:283] [main] - Opening the URL
2026-04-21 13:42:01,855 INFO  c.p.BrowserImpl [open:283] [main] - Opening the URL
2026-04-21 13:42:02,980 INFO  c.p.f.PegaWebDriverImpl [findElement:79] [main] - element identification by logic:By.xpath: //button[contains(.,'Login with SSO')] | //a[contains(.,'Login with SSO')]
2026-04-21 13:42:03,581 INFO  c.p.f.PegaWebDriverImpl [findElement:79] [main] - element identification by logic:By.xpath: //button[contains(.,'Login with SSO')] | //a[contains(.,'Login with SSO')]
2026-04-21 13:42:03,652 INFO  c.p.f.PegaWebDriverImpl [findElement:79] [main] - element identification by logic:By.xpath: //button[contains(.,'Login with SSO')] | //a[contains(.,'Login with SSO')]
2026-04-21 13:42:35,342 INFO  c.p.s.WaitForDocStateReady [waitForDocStateReady:208] [main] - !!! Document state div was never identified...are you sure your system is doc state aware?
2026-04-21 13:42:37,490 INFO  c.p.s.Throbber [waitForNoThrobber:69] [main] - Throbbing never started
2026-04-21 13:42:37,515 INFO  c.p.f.PegaWebDriverImpl [findElement:79] [main] - element identification by logic:By.name: identifier
2026-04-21 13:42:37,581 INFO  c.p.f.PegaWebDriverImpl [findElement:79] [main] - element identification by logic:By.name: identifier
2026-04-21 13:42:37,682 INFO  c.p.f.PegaWebDriverImpl [findElement:79] [main] - element identification by logic:By.xpath: //input[@type='submit']
2026-04-21 13:42:37,747 INFO  c.p.f.PegaWebDriverImpl [findElement:79] [main] - element identification by logic:By.xpath: //input[@type='submit']
2026-04-21 13:43:07,922 INFO  c.p.s.WaitForDocStateReady [waitForDocStateReady:208] [main] - !!! Document state div was never identified...are you sure your system is doc state aware?
2026-04-21 13:43:10,056 INFO  c.p.s.Throbber [waitForNoThrobber:69] [main] - Throbbing never started
2026-04-21 13:43:10,088 INFO  c.p.f.PegaWebDriverImpl [findElement:79] [main] - element identification by logic:By.name: credentials.passcode
2026-04-21 13:43:10,158 INFO  c.p.f.PegaWebDriverImpl [findElement:79] [main] - element identification by logic:By.name: credentials.passcode
2026-04-21 13:43:10,254 INFO  c.p.f.PegaWebDriverImpl [findElement:79] [main] - element identification by logic:By.xpath: //input[@type='submit']
2026-04-21 13:43:10,308 INFO  c.p.f.PegaWebDriverImpl [findElement:79] [main] - element identification by logic:By.xpath: //input[@type='submit']
2026-04-21 13:43:40,459 INFO  c.p.s.WaitForDocStateReady [waitForDocStateReady:208] [main] - !!! Document state div was never identified...are you sure your system is doc state aware?
2026-04-21 13:43:41,555 INFO  c.p.s.Throbber [waitForNoThrobber:69] [main] - Throbbing never started
2026-04-21 13:43:41,613 INFO  c.p.f.PegaWebDriverImpl [findElement:79] [main] - element identification by logic:By.cssSelector: button[data-testid=':privacy-dialog:accept']
2026-04-21 13:43:41,686 INFO  c.p.f.PegaWebDriverImpl [findElement:79] [main] - element identification by logic:By.cssSelector: button[data-testid=':privacy-dialog:accept']
2026-04-21 13:44:11,931 INFO  c.p.s.WaitForDocStateReady [waitForDocStateReady:208] [main] - !!! Document state div was never identified...are you sure your system is doc state aware?
2026-04-21 13:44:13,024 INFO  c.p.s.Throbber [waitForNoThrobber:69] [main] - Throbbing never started
2026-04-21 13:44:19,428 INFO  c.p.c.SUTConfig [<init>:87] [main] - Setting is.pipeline.run property to false
2026-04-21 13:44:19,428 INFO  c.p.c.SUTConfig [<init>:108] [main] - Debug mode is: true
2026-04-21 13:44:19,428 INFO  c.p.c.SUTConfig [<init>:118] [main] - Attach PRPC logs?false
2026-04-21 13:44:19,428 INFO  c.p.TestEnvironmentImpl [setLoggerLevel:198] [main] - Logger level is set to : INFO
2026-04-21 13:44:19,660 INFO  c.p.c.u.GetChromeDriver [getChromeDriverForChrome:70] [main] - yes chrome.exe exists
2026-04-21 13:44:19,746 INFO  c.p.c.u.GetChromeDriver [getCurrentVersionOfDriverAsString:161] [main] - current driver version is 147.0.7727.57
2026-04-21 13:44:19,748 INFO  c.p.c.u.GetChromeDriver [getChromeDriverForChrome:76] [main] - current version of chrome 147.0.7727.57
2026-04-21 13:44:19,749 INFO  c.p.c.u.GetChromeDriver [getChromeDriverForChrome:77] [main] - local Chrome version is 147
2026-04-21 13:44:19,858 INFO  c.p.c.u.GetChromeDriver [getChromeDriverForChrome:115] [main] - Chrome Version: 147	ChromeDriver version needed:147.0.7727.57
2026-04-21 13:44:19,859 INFO  c.p.c.u.GetChromeDriver [getChromeDriverForChrome:117] [main] - Required chromedriver version is already available. Not attempting to download any new version
2026-04-21 13:44:20,879 INFO  c.p.d.PegaChromeDriver [initializeDriver:165] [main] - Chrome Driver launched successfully
2026-04-21 13:44:20,972 INFO  c.p.TestEnvironmentImpl [initializeEnvironment:130] [main] - Driver is initialised::ChromeDriver: chrome on WINDOWS (cde1e4f03e49a8697076dde98e3938a0)
2026-04-21 13:44:20,973 INFO  c.p.BrowserImpl [open:283] [main] - Opening the URL
2026-04-21 13:44:22,233 INFO  c.p.BrowserImpl [open:283] [main] - Opening the URL
2026-04-21 13:44:23,204 INFO  c.p.f.PegaWebDriverImpl [findElement:79] [main] - element identification by logic:By.xpath: //button[contains(.,'Login with SSO')] | //a[contains(.,'Login with SSO')]
2026-04-21 13:44:23,780 INFO  c.p.f.PegaWebDriverImpl [findElement:79] [main] - element identification by logic:By.xpath: //button[contains(.,'Login with SSO')] | //a[contains(.,'Login with SSO')]
2026-04-21 13:44:23,861 INFO  c.p.f.PegaWebDriverImpl [findElement:79] [main] - element identification by logic:By.xpath: //button[contains(.,'Login with SSO')] | //a[contains(.,'Login with SSO')]
2026-04-21 13:44:55,656 INFO  c.p.s.WaitForDocStateReady [waitForDocStateReady:208] [main] - !!! Document state div was never identified...are you sure your system is doc state aware?
2026-04-21 13:44:57,815 INFO  c.p.s.Throbber [waitForNoThrobber:69] [main] - Throbbing never started
2026-04-21 13:44:57,845 INFO  c.p.f.PegaWebDriverImpl [findElement:79] [main] - element identification by logic:By.name: identifier
2026-04-21 13:44:57,940 INFO  c.p.f.PegaWebDriverImpl [findElement:79] [main] - element identification by logic:By.name: identifier
2026-04-21 13:44:58,093 INFO  c.p.f.PegaWebDriverImpl [findElement:79] [main] - element identification by logic:By.xpath: //input[@type='submit']
2026-04-21 13:44:58,167 INFO  c.p.f.PegaWebDriverImpl [findElement:79] [main] - element identification by logic:By.xpath: //input[@type='submit']
2026-04-21 13:45:28,328 INFO  c.p.s.WaitForDocStateReady [waitForDocStateReady:208] [main] - !!! Document state div was never identified...are you sure your system is doc state aware?
2026-04-21 13:45:30,470 INFO  c.p.s.Throbber [waitForNoThrobber:69] [main] - Throbbing never started
2026-04-21 13:45:30,489 INFO  c.p.f.PegaWebDriverImpl [findElement:79] [main] - element identification by logic:By.name: credentials.passcode
2026-04-21 13:45:30,538 INFO  c.p.f.PegaWebDriverImpl [findElement:79] [main] - element identification by logic:By.name: credentials.passcode
2026-04-21 13:45:30,606 INFO  c.p.f.PegaWebDriverImpl [findElement:79] [main] - element identification by logic:By.xpath: //input[@type='submit']
2026-04-21 13:45:30,668 INFO  c.p.f.PegaWebDriverImpl [findElement:79] [main] - element identification by logic:By.xpath: //input[@type='submit']
2026-04-21 13:46:00,846 INFO  c.p.s.WaitForDocStateReady [waitForDocStateReady:208] [main] - !!! Document state div was never identified...are you sure your system is doc state aware?
2026-04-21 13:46:01,922 INFO  c.p.s.Throbber [waitForNoThrobber:69] [main] - Throbbing never started
2026-04-21 13:46:01,952 INFO  c.p.f.PegaWebDriverImpl [findElement:79] [main] - element identification by logic:By.cssSelector: button[data-testid=':privacy-dialog:accept']
2026-04-21 13:46:02,006 INFO  c.p.f.PegaWebDriverImpl [findElement:79] [main] - element identification by logic:By.cssSelector: button[data-testid=':privacy-dialog:accept']
2026-04-21 13:46:32,255 INFO  c.p.s.WaitForDocStateReady [waitForDocStateReady:208] [main] - !!! Document state div was never identified...are you sure your system is doc state aware?
2026-04-21 13:46:33,347 INFO  c.p.s.Throbber [waitForNoThrobber:69] [main] - Throbbing never started
2026-04-21 13:46:38,426 INFO  c.p.c.SUTConfig [<init>:87] [main] - Setting is.pipeline.run property to false
2026-04-21 13:46:38,426 INFO  c.p.c.SUTConfig [<init>:108] [main] - Debug mode is: true
2026-04-21 13:46:38,426 INFO  c.p.c.SUTConfig [<init>:118] [main] - Attach PRPC logs?false
2026-04-21 13:46:38,427 INFO  c.p.TestEnvironmentImpl [setLoggerLevel:198] [main] - Logger level is set to : INFO
2026-04-21 13:46:38,647 INFO  c.p.c.u.GetChromeDriver [getChromeDriverForChrome:70] [main] - yes chrome.exe exists
2026-04-21 13:46:38,729 INFO  c.p.c.u.GetChromeDriver [getCurrentVersionOfDriverAsString:161] [main] - current driver version is 147.0.7727.57
2026-04-21 13:46:38,730 INFO  c.p.c.u.GetChromeDriver [getChromeDriverForChrome:76] [main] - current version of chrome 147.0.7727.57
2026-04-21 13:46:38,730 INFO  c.p.c.u.GetChromeDriver [getChromeDriverForChrome:77] [main] - local Chrome version is 147
2026-04-21 13:46:38,829 INFO  c.p.c.u.GetChromeDriver [getChromeDriverForChrome:115] [main] - Chrome Version: 147	ChromeDriver version needed:147.0.7727.57
2026-04-21 13:46:38,830 INFO  c.p.c.u.GetChromeDriver [getChromeDriverForChrome:117] [main] - Required chromedriver version is already available. Not attempting to download any new version
2026-04-21 13:46:39,821 INFO  c.p.d.PegaChromeDriver [initializeDriver:165] [main] - Chrome Driver launched successfully
2026-04-21 13:46:39,918 INFO  c.p.TestEnvironmentImpl [initializeEnvironment:130] [main] - Driver is initialised::ChromeDriver: chrome on WINDOWS (1de31a6c7ccdb1355c52f272f9d6d7a5)
2026-04-21 13:46:39,918 INFO  c.p.BrowserImpl [open:283] [main] - Opening the URL
2026-04-21 13:46:41,231 INFO  c.p.BrowserImpl [open:283] [main] - Opening the URL
2026-04-21 13:46:42,147 INFO  c.p.BrowserImpl [login:112] [main] - Logging in the user
2026-04-21 13:46:42,147 INFO  c.p.f.PegaWebDriverImpl [findElement:79] [main] - element identification by logic:By.id: txtUserID
2026-04-21 13:46:42,197 INFO  c.p.f.PegaWebDriverImpl [findElement:79] [main] - element identification by logic:By.id: txtPassword
2026-04-21 13:46:42,401 INFO  c.p.f.PegaWebDriverImpl [findElement:79] [main] - element identification by logic:By.name: pyActivity=Code-Security.Login
2026-04-21 13:46:45,036 INFO  c.p.s.WaitForDocStateReady [waitForDocStateReadyLogin:235] [main] - New DocStateReady method invoked for login
2026-04-21 13:47:15,146 INFO  c.p.s.WaitForDocStateReady [waitForDocStateReadyLogin:321] [main] - !!! Document state div was never identified...are you sure your system is doc state aware?
2026-04-21 13:47:15,199 INFO  c.p.s.WaitForDocStateReady [waitForDocStateReadyLogin:235] [main] - New DocStateReady method invoked for login
2026-04-21 13:47:45,251 INFO  c.p.s.WaitForDocStateReady [waitForDocStateReadyLogin:321] [main] - !!! Document state div was never identified...are you sure your system is doc state aware?
2026-04-21 13:47:45,317 INFO  c.p.BrowserImpl [login:147] [main] - is the login via application specific URL? : false
2026-04-21 13:47:45,355 INFO  c.p.BrowserImpl [login:189] [main] - FormFactoriFrame not available on the page
2026-04-21 13:47:45,355 INFO  c.p.BrowserImpl [login:200] [main] - +-+-+-+-+-+-+-+-+-+-+-+-+-+-+-+-+-+-+-+-+-+-+-+-+-+-+-+-+--+-+
2026-04-21 13:47:45,355 INFO  c.p.BrowserImpl [login:201] [main] - isCosmos : false
2026-04-21 13:47:45,356 INFO  c.p.BrowserImpl [login:202] [main] - isConstellation : false
2026-04-21 13:47:45,356 INFO  c.p.BrowserImpl [login:203] [main] - +-+-+-+-+-+-+-+-+-+-+-+-+-+-+-+-+-+-+-+-+-+-+-+-+-+-+-+-+--+-+
2026-04-21 13:48:01,065 INFO  c.p.c.SUTConfig [<init>:87] [main] - Setting is.pipeline.run property to false
2026-04-21 13:48:01,066 INFO  c.p.c.SUTConfig [<init>:108] [main] - Debug mode is: true
2026-04-21 13:48:01,066 INFO  c.p.c.SUTConfig [<init>:118] [main] - Attach PRPC logs?false
2026-04-21 13:48:01,067 INFO  c.p.TestEnvironmentImpl [setLoggerLevel:198] [main] - Logger level is set to : INFO
2026-04-21 13:48:01,296 INFO  c.p.c.u.GetChromeDriver [getChromeDriverForChrome:70] [main] - yes chrome.exe exists
2026-04-21 13:48:01,397 INFO  c.p.c.u.GetChromeDriver [getCurrentVersionOfDriverAsString:161] [main] - current driver version is 147.0.7727.57
2026-04-21 13:48:01,398 INFO  c.p.c.u.GetChromeDriver [getChromeDriverForChrome:76] [main] - current version of chrome 147.0.7727.57
2026-04-21 13:48:01,399 INFO  c.p.c.u.GetChromeDriver [getChromeDriverForChrome:77] [main] - local Chrome version is 147
2026-04-21 13:48:01,483 INFO  c.p.c.u.GetChromeDriver [getChromeDriverForChrome:115] [main] - Chrome Version: 147	ChromeDriver version needed:147.0.7727.57
2026-04-21 13:48:01,483 INFO  c.p.c.u.GetChromeDriver [getChromeDriverForChrome:117] [main] - Required chromedriver version is already available. Not attempting to download any new version
2026-04-21 13:48:02,552 INFO  c.p.d.PegaChromeDriver [initializeDriver:165] [main] - Chrome Driver launched successfully
2026-04-21 13:48:02,648 INFO  c.p.TestEnvironmentImpl [initializeEnvironment:130] [main] - Driver is initialised::ChromeDriver: chrome on WINDOWS (a87b0fd59cde38782a763f65d91eb522)
2026-04-21 13:48:02,648 INFO  c.p.BrowserImpl [open:283] [main] - Opening the URL
2026-04-21 13:48:03,959 INFO  c.p.BrowserImpl [open:283] [main] - Opening the URL
2026-04-21 13:48:04,886 INFO  c.p.BrowserImpl [login:112] [main] - Logging in the user
2026-04-21 13:48:04,886 INFO  c.p.f.PegaWebDriverImpl [findElement:79] [main] - element identification by logic:By.id: txtUserID
2026-04-21 13:48:04,927 INFO  c.p.f.PegaWebDriverImpl [findElement:79] [main] - element identification by logic:By.id: txtPassword
2026-04-21 13:48:05,125 INFO  c.p.f.PegaWebDriverImpl [findElement:79] [main] - element identification by logic:By.name: pyActivity=Code-Security.Login
2026-04-21 13:48:06,244 INFO  c.p.s.WaitForDocStateReady [waitForDocStateReadyLogin:235] [main] - New DocStateReady method invoked for login
2026-04-21 14:11:27,702 INFO  c.p.c.SUTConfig [<init>:87] [main] - Setting is.pipeline.run property to false
2026-04-21 14:11:27,721 INFO  c.p.c.SUTConfig [<init>:108] [main] - Debug mode is: true
2026-04-21 14:11:27,721 INFO  c.p.c.SUTConfig [<init>:118] [main] - Attach PRPC logs?false
2026-04-21 14:11:27,722 INFO  c.p.TestEnvironmentImpl [setLoggerLevel:198] [main] - Logger level is set to : INFO
2026-04-21 14:11:27,964 INFO  c.p.c.u.GetChromeDriver [getChromeDriverForChrome:70] [main] - yes chrome.exe exists
2026-04-21 14:11:28,060 INFO  c.p.c.u.GetChromeDriver [getCurrentVersionOfDriverAsString:161] [main] - current driver version is 147.0.7727.57
2026-04-21 14:11:28,061 INFO  c.p.c.u.GetChromeDriver [getChromeDriverForChrome:76] [main] - current version of chrome 147.0.7727.57
2026-04-21 14:11:28,062 INFO  c.p.c.u.GetChromeDriver [getChromeDriverForChrome:77] [main] - local Chrome version is 147
2026-04-21 14:11:28,447 INFO  c.p.c.u.GetChromeDriver [getChromeDriverForChrome:115] [main] - Chrome Version: 147	ChromeDriver version needed:147.0.7727.57
2026-04-21 14:11:28,448 INFO  c.p.c.u.GetChromeDriver [getChromeDriverForChrome:117] [main] - Required chromedriver version is already available. Not attempting to download any new version
2026-04-21 14:11:30,473 INFO  c.p.d.PegaChromeDriver [initializeDriver:165] [main] - Chrome Driver launched successfully
2026-04-21 14:11:30,852 INFO  c.p.TestEnvironmentImpl [initializeEnvironment:130] [main] - Driver is initialised::ChromeDriver: chrome on WINDOWS (291e3e537af6b5cd942c2726ccaf7e78)
2026-04-21 14:11:30,852 INFO  c.p.BrowserImpl [open:283] [main] - Opening the URL
